TN:
SF:Z:\Users\Matthew\Documents\Coding\Node\phaser3-es6-webpack\webpack.config.js
FNF:0
FNH:0
DA:1,0
DA:2,0
DA:3,0
DA:4,0
DA:5,0
DA:8,0
DA:9,0
DA:11,0
DA:17,0
LF:9
LH:0
BRDA:12,0,0,0
BRDA:12,0,1,0
BRDA:56,1,0,0
BRDA:56,1,1,0
BRDA:57,2,0,0
BRDA:57,2,1,0
BRF:6
BRH:0
end_of_record
TN:
SF:Z:\Users\Matthew\Documents\Coding\Node\phaser3-es6-webpack\webpack.production.config.js
FNF:0
FNH:0
DA:1,0
DA:2,0
DA:3,0
DA:4,0
DA:5,0
DA:8,0
DA:9,0
DA:11,0
DA:17,0
LF:9
LH:0
BRDA:12,0,0,0
BRDA:12,0,1,0
BRF:2
BRH:0
end_of_record
